2026-02-18 15:52:16,444 [Worker-8: Loading available Gradle versions] INFO  o.e.b.c.i.u.g.PublishedGradleVersions - Gradle version information cache is not available. Remote download required.
2026-02-18 16:15:02,958 [ModalContext] INFO  o.e.m.c.i.e.AbstractTransferListenerAdapter - Downloading https://repo.maven.apache.org/maven2/org/apache/maven/archetypes/maven-archetype-profiles/1.0-alpha-4/maven-archetype-profiles-1.0-alpha-4.pom
2026-02-18 16:15:02,988 [ModalContext] INFO  o.e.m.c.i.e.AbstractTransferListenerAdapter - Downloaded https://repo.maven.apache.org/maven2/org/apache/maven/archetypes/maven-archetype-profiles/1.0-alpha-4/maven-archetype-profiles-1.0-alpha-4.pom
2026-02-18 16:15:03,060 [ModalContext] INFO  o.e.m.c.i.e.AbstractTransferListenerAdapter - Downloading https://repo.maven.apache.org/maven2/org/apache/maven/archetypes/maven-archetypes/1.0-alpha-4/maven-archetypes-1.0-alpha-4.pom
2026-02-18 16:15:03,064 [ModalContext] INFO  o.e.m.c.i.e.AbstractTransferListenerAdapter - Downloaded https://repo.maven.apache.org/maven2/org/apache/maven/archetypes/maven-archetypes/1.0-alpha-4/maven-archetypes-1.0-alpha-4.pom
2026-02-18 16:15:03,091 [ModalContext] INFO  o.e.m.c.i.e.AbstractTransferListenerAdapter - Downloading https://repo.maven.apache.org/maven2/org/apache/maven/archetype/maven-archetype/1.0-alpha-4/maven-archetype-1.0-alpha-4.pom
2026-02-18 16:15:03,092 [ModalContext] INFO  o.e.m.c.i.e.AbstractTransferListenerAdapter - Downloaded https://repo.maven.apache.org/maven2/org/apache/maven/archetype/maven-archetype/1.0-alpha-4/maven-archetype-1.0-alpha-4.pom
2026-02-18 16:15:03,121 [ModalContext] INFO  o.e.m.c.i.e.AbstractTransferListenerAdapter - Downloading https://repo.maven.apache.org/maven2/org/apache/maven/maven-parent/1/maven-parent-1.pom
2026-02-18 16:15:03,123 [ModalContext] INFO  o.e.m.c.i.e.AbstractTransferListenerAdapter - Downloaded https://repo.maven.apache.org/maven2/org/apache/maven/maven-parent/1/maven-parent-1.pom
2026-02-18 16:15:03,156 [ModalContext] INFO  o.e.m.c.i.e.AbstractTransferListenerAdapter - Downloading https://repo.maven.apache.org/maven2/org/apache/apache/1/apache-1.pom
2026-02-18 16:15:03,157 [ModalContext] INFO  o.e.m.c.i.e.AbstractTransferListenerAdapter - Downloaded https://repo.maven.apache.org/maven2/org/apache/apache/1/apache-1.pom
2026-02-18 16:15:03,274 [ModalContext] INFO  o.e.m.c.i.e.AbstractTransferListenerAdapter - Downloading https://repo.maven.apache.org/maven2/org/apache/maven/archetypes/maven-archetype-profiles/1.0-alpha-4/maven-archetype-profiles-1.0-alpha-4.jar
2026-02-18 16:15:03,276 [ModalContext] INFO  o.e.m.c.i.e.AbstractTransferListenerAdapter - Downloaded https://repo.maven.apache.org/maven2/org/apache/maven/archetypes/maven-archetype-profiles/1.0-alpha-4/maven-archetype-profiles-1.0-alpha-4.jar
2026-02-18 16:18:16,390 [Worker-54: Launching mavenrun-08781bdb-7450-4e7c-8035-95d7965ee856] INFO  o.eclipse.m2e.core.internal.Bundles - getClasspathEntries(Bundle=org.eclipse.m2e.maven.runtime_3.9.900.20250220-2013 [296])
2026-02-18 16:18:16,396 [Worker-54: Launching mavenrun-08781bdb-7450-4e7c-8035-95d7965ee856] INFO  o.eclipse.m2e.core.internal.Bundles - 	Entry: /Users/hritikchauhan123/.p2/pool/plugins/org.eclipse.m2e.maven.runtime_3.9.900.20250220-2013
2026-02-18 16:18:16,398 [Worker-54: Launching mavenrun-08781bdb-7450-4e7c-8035-95d7965ee856] INFO  o.eclipse.m2e.core.internal.Bundles - 	Entry: /Users/hritikchauhan123/.p2/pool/plugins/org.eclipse.m2e.maven.runtime_3.9.900.20250220-2013/jars/aopalliance-1.0.jar
2026-02-18 16:18:16,399 [Worker-54: Launching mavenrun-08781bdb-7450-4e7c-8035-95d7965ee856] INFO  o.eclipse.m2e.core.internal.Bundles - 	Entry: /Users/hritikchauhan123/.p2/pool/plugins/org.eclipse.m2e.maven.runtime_3.9.900.20250220-2013/jars/guice-5.1.0.jar
2026-02-18 16:18:16,399 [Worker-54: Launching mavenrun-08781bdb-7450-4e7c-8035-95d7965ee856] INFO  o.eclipse.m2e.core.internal.Bundles - 	Entry: /Users/hritikchauhan123/.p2/pool/plugins/org.eclipse.m2e.maven.runtime_3.9.900.20250220-2013/jars/httpclient-4.5.14.jar
2026-02-18 16:18:16,399 [Worker-54: Launching mavenrun-08781bdb-7450-4e7c-8035-95d7965ee856] INFO  o.eclipse.m2e.core.internal.Bundles - 	Entry: /Users/hritikchauhan123/.p2/pool/plugins/org.eclipse.m2e.maven.runtime_3.9.900.20250220-2013/jars/httpcore-4.4.16.jar
2026-02-18 16:18:16,399 [Worker-54: Launching mavenrun-08781bdb-7450-4e7c-8035-95d7965ee856] INFO  o.eclipse.m2e.core.internal.Bundles - 	Entry: /Users/hritikchauhan123/.p2/pool/plugins/org.eclipse.m2e.maven.runtime_3.9.900.20250220-2013/jars/jansi-2.4.1.jar
2026-02-18 16:18:16,400 [Worker-54: Launching mavenrun-08781bdb-7450-4e7c-8035-95d7965ee856] INFO  o.eclipse.m2e.core.internal.Bundles - 	Entry: /Users/hritikchauhan123/.p2/pool/plugins/org.eclipse.m2e.maven.runtime_3.9.900.20250220-2013/jars/jcl-over-slf4j-1.7.36.jar
2026-02-18 16:18:16,400 [Worker-54: Launching mavenrun-08781bdb-7450-4e7c-8035-95d7965ee856] INFO  o.eclipse.m2e.core.internal.Bundles - 	Entry: /Users/hritikchauhan123/.p2/pool/plugins/org.eclipse.m2e.maven.runtime_3.9.900.20250220-2013/jars/maven-artifact-3.9.9.jar
2026-02-18 16:18:16,400 [Worker-54: Launching mavenrun-08781bdb-7450-4e7c-8035-95d7965ee856] INFO  o.eclipse.m2e.core.internal.Bundles - 	Entry: /Users/hritikchauhan123/.p2/pool/plugins/org.eclipse.m2e.maven.runtime_3.9.900.20250220-2013/jars/maven-builder-support-3.9.9.jar
2026-02-18 16:18:16,400 [Worker-54: Launching mavenrun-08781bdb-7450-4e7c-8035-95d7965ee856] INFO  o.eclipse.m2e.core.internal.Bundles - 	Entry: /Users/hritikchauhan123/.p2/pool/plugins/org.eclipse.m2e.maven.runtime_3.9.900.20250220-2013/jars/maven-compat-3.9.9.jar
2026-02-18 16:18:16,400 [Worker-54: Launching mavenrun-08781bdb-7450-4e7c-8035-95d7965ee856] INFO  o.eclipse.m2e.core.internal.Bundles - 	Entry: /Users/hritikchauhan123/.p2/pool/plugins/org.eclipse.m2e.maven.runtime_3.9.900.20250220-2013/jars/maven-core-3.9.9.jar
2026-02-18 16:18:16,400 [Worker-54: Launching mavenrun-08781bdb-7450-4e7c-8035-95d7965ee856] INFO  o.eclipse.m2e.core.internal.Bundles - 	Entry: /Users/hritikchauhan123/.p2/pool/plugins/org.eclipse.m2e.maven.runtime_3.9.900.20250220-2013/jars/maven-embedder-3.9.9.jar
2026-02-18 16:18:16,400 [Worker-54: Launching mavenrun-08781bdb-7450-4e7c-8035-95d7965ee856] INFO  o.eclipse.m2e.core.internal.Bundles - 	Entry: /Users/hritikchauhan123/.p2/pool/plugins/org.eclipse.m2e.maven.runtime_3.9.900.20250220-2013/jars/maven-model-3.9.9.jar
2026-02-18 16:18:16,400 [Worker-54: Launching mavenrun-08781bdb-7450-4e7c-8035-95d7965ee856] INFO  o.eclipse.m2e.core.internal.Bundles - 	Entry: /Users/hritikchauhan123/.p2/pool/plugins/org.eclipse.m2e.maven.runtime_3.9.900.20250220-2013/jars/maven-model-builder-3.9.9.jar
2026-02-18 16:18:16,400 [Worker-54: Launching mavenrun-08781bdb-7450-4e7c-8035-95d7965ee856] INFO  o.eclipse.m2e.core.internal.Bundles - 	Entry: /Users/hritikchauhan123/.p2/pool/plugins/org.eclipse.m2e.maven.runtime_3.9.900.20250220-2013/jars/maven-plugin-api-3.9.9.jar
2026-02-18 16:18:16,400 [Worker-54: Launching mavenrun-08781bdb-7450-4e7c-8035-95d7965ee856] INFO  o.eclipse.m2e.core.internal.Bundles - 	Entry: /Users/hritikchauhan123/.p2/pool/plugins/org.eclipse.m2e.maven.runtime_3.9.900.20250220-2013/jars/maven-repository-metadata-3.9.9.jar
2026-02-18 16:18:16,400 [Worker-54: Launching mavenrun-08781bdb-7450-4e7c-8035-95d7965ee856] INFO  o.eclipse.m2e.core.internal.Bundles - 	Entry: /Users/hritikchauhan123/.p2/pool/plugins/org.eclipse.m2e.maven.runtime_3.9.900.20250220-2013/jars/maven-resolver-api-1.9.22.jar
2026-02-18 16:18:16,400 [Worker-54: Launching mavenrun-08781bdb-7450-4e7c-8035-95d7965ee856] INFO  o.eclipse.m2e.core.internal.Bundles - 	Entry: /Users/hritikchauhan123/.p2/pool/plugins/org.eclipse.m2e.maven.runtime_3.9.900.20250220-2013/jars/maven-resolver-connector-basic-1.9.22.jar
2026-02-18 16:18:16,400 [Worker-54: Launching mavenrun-08781bdb-7450-4e7c-8035-95d7965ee856] INFO  o.eclipse.m2e.core.internal.Bundles - 	Entry: /Users/hritikchauhan123/.p2/pool/plugins/org.eclipse.m2e.maven.runtime_3.9.900.20250220-2013/jars/maven-resolver-impl-1.9.22.jar
2026-02-18 16:18:16,400 [Worker-54: Launching mavenrun-08781bdb-7450-4e7c-8035-95d7965ee856] INFO  o.eclipse.m2e.core.internal.Bundles - 	Entry: /Users/hritikchauhan123/.p2/pool/plugins/org.eclipse.m2e.maven.runtime_3.9.900.20250220-2013/jars/maven-resolver-named-locks-1.9.22.jar
2026-02-18 16:18:16,400 [Worker-54: Launching mavenrun-08781bdb-7450-4e7c-8035-95d7965ee856] INFO  o.eclipse.m2e.core.internal.Bundles - 	Entry: /Users/hritikchauhan123/.p2/pool/plugins/org.eclipse.m2e.maven.runtime_3.9.900.20250220-2013/jars/maven-resolver-provider-3.9.9.jar
2026-02-18 16:18:16,400 [Worker-54: Launching mavenrun-08781bdb-7450-4e7c-8035-95d7965ee856] INFO  o.eclipse.m2e.core.internal.Bundles - 	Entry: /Users/hritikchauhan123/.p2/pool/plugins/org.eclipse.m2e.maven.runtime_3.9.900.20250220-2013/jars/maven-resolver-spi-1.9.22.jar
2026-02-18 16:18:16,400 [Worker-54: Launching mavenrun-08781bdb-7450-4e7c-8035-95d7965ee856] INFO  o.eclipse.m2e.core.internal.Bundles - 	Entry: /Users/hritikchauhan123/.p2/pool/plugins/org.eclipse.m2e.maven.runtime_3.9.900.20250220-2013/jars/maven-resolver-transport-file-1.9.22.jar
2026-02-18 16:18:16,400 [Worker-54: Launching mavenrun-08781bdb-7450-4e7c-8035-95d7965ee856] INFO  o.eclipse.m2e.core.internal.Bundles - 	Entry: /Users/hritikchauhan123/.p2/pool/plugins/org.eclipse.m2e.maven.runtime_3.9.900.20250220-2013/jars/maven-resolver-transport-http-1.9.22.jar
2026-02-18 16:18:16,401 [Worker-54: Launching mavenrun-08781bdb-7450-4e7c-8035-95d7965ee856] INFO  o.eclipse.m2e.core.internal.Bundles - 	Entry: /Users/hritikchauhan123/.p2/pool/plugins/org.eclipse.m2e.maven.runtime_3.9.900.20250220-2013/jars/maven-resolver-transport-wagon-1.9.22.jar
2026-02-18 16:18:16,401 [Worker-54: Launching mavenrun-08781bdb-7450-4e7c-8035-95d7965ee856] INFO  o.eclipse.m2e.core.internal.Bundles - 	Entry: /Users/hritikchauhan123/.p2/pool/plugins/org.eclipse.m2e.maven.runtime_3.9.900.20250220-2013/jars/maven-resolver-util-1.9.22.jar
2026-02-18 16:18:16,401 [Worker-54: Launching mavenrun-08781bdb-7450-4e7c-8035-95d7965ee856] INFO  o.eclipse.m2e.core.internal.Bundles - 	Entry: /Users/hritikchauhan123/.p2/pool/plugins/org.eclipse.m2e.maven.runtime_3.9.900.20250220-2013/jars/maven-settings-3.9.9.jar
2026-02-18 16:18:16,401 [Worker-54: Launching mavenrun-08781bdb-7450-4e7c-8035-95d7965ee856] INFO  o.eclipse.m2e.core.internal.Bundles - 	Entry: /Users/hritikchauhan123/.p2/pool/plugins/org.eclipse.m2e.maven.runtime_3.9.900.20250220-2013/jars/maven-settings-builder-3.9.9.jar
2026-02-18 16:18:16,401 [Worker-54: Launching mavenrun-08781bdb-7450-4e7c-8035-95d7965ee856] INFO  o.eclipse.m2e.core.internal.Bundles - 	Entry: /Users/hritikchauhan123/.p2/pool/plugins/org.eclipse.m2e.maven.runtime_3.9.900.20250220-2013/jars/maven-shared-utils-3.4.2.jar
2026-02-18 16:18:16,401 [Worker-54: Launching mavenrun-08781bdb-7450-4e7c-8035-95d7965ee856] INFO  o.eclipse.m2e.core.internal.Bundles - 	Entry: /Users/hritikchauhan123/.p2/pool/plugins/org.eclipse.m2e.maven.runtime_3.9.900.20250220-2013/jars/org.eclipse.sisu.inject-0.9.0.M3.jar
2026-02-18 16:18:16,402 [Worker-54: Launching mavenrun-08781bdb-7450-4e7c-8035-95d7965ee856] INFO  o.eclipse.m2e.core.internal.Bundles - 	Entry: /Users/hritikchauhan123/.p2/pool/plugins/org.eclipse.m2e.maven.runtime_3.9.900.20250220-2013/jars/org.eclipse.sisu.plexus-0.9.0.M3.jar
2026-02-18 16:18:16,403 [Worker-54: Launching mavenrun-08781bdb-7450-4e7c-8035-95d7965ee856] INFO  o.eclipse.m2e.core.internal.Bundles - 	Entry: /Users/hritikchauhan123/.p2/pool/plugins/org.eclipse.m2e.maven.runtime_3.9.900.20250220-2013/jars/plexus-build-api-0.0.7.jar
2026-02-18 16:18:16,403 [Worker-54: Launching mavenrun-08781bdb-7450-4e7c-8035-95d7965ee856] INFO  o.eclipse.m2e.core.internal.Bundles - 	Entry: /Users/hritikchauhan123/.p2/pool/plugins/org.eclipse.m2e.maven.runtime_3.9.900.20250220-2013/jars/plexus-build-api-1.2.0.jar
2026-02-18 16:18:16,403 [Worker-54: Launching mavenrun-08781bdb-7450-4e7c-8035-95d7965ee856] INFO  o.eclipse.m2e.core.internal.Bundles - 	Entry: /Users/hritikchauhan123/.p2/pool/plugins/org.eclipse.m2e.maven.runtime_3.9.900.20250220-2013/jars/plexus-cipher-2.0.jar
2026-02-18 16:18:16,403 [Worker-54: Launching mavenrun-08781bdb-7450-4e7c-8035-95d7965ee856] INFO  o.eclipse.m2e.core.internal.Bundles - 	Entry: /Users/hritikchauhan123/.p2/pool/plugins/org.eclipse.m2e.maven.runtime_3.9.900.20250220-2013/jars/plexus-classworlds-2.8.0.jar
2026-02-18 16:18:16,403 [Worker-54: Launching mavenrun-08781bdb-7450-4e7c-8035-95d7965ee856] INFO  o.eclipse.m2e.core.internal.Bundles - 	Entry: /Users/hritikchauhan123/.p2/pool/plugins/org.eclipse.m2e.maven.runtime_3.9.900.20250220-2013/jars/plexus-component-annotations-2.1.0.jar
2026-02-18 16:18:16,403 [Worker-54: Launching mavenrun-08781bdb-7450-4e7c-8035-95d7965ee856] INFO  o.eclipse.m2e.core.internal.Bundles - 	Entry: /Users/hritikchauhan123/.p2/pool/plugins/org.eclipse.m2e.maven.runtime_3.9.900.20250220-2013/jars/plexus-interpolation-1.27.jar
2026-02-18 16:18:16,403 [Worker-54: Launching mavenrun-08781bdb-7450-4e7c-8035-95d7965ee856] INFO  o.eclipse.m2e.core.internal.Bundles - 	Entry: /Users/hritikchauhan123/.p2/pool/plugins/org.eclipse.m2e.maven.runtime_3.9.900.20250220-2013/jars/plexus-sec-dispatcher-2.0.jar
2026-02-18 16:18:16,403 [Worker-54: Launching mavenrun-08781bdb-7450-4e7c-8035-95d7965ee856] INFO  o.eclipse.m2e.core.internal.Bundles - 	Entry: /Users/hritikchauhan123/.p2/pool/plugins/org.eclipse.m2e.maven.runtime_3.9.900.20250220-2013/jars/plexus-utils-3.5.1.jar
2026-02-18 16:18:16,403 [Worker-54: Launching mavenrun-08781bdb-7450-4e7c-8035-95d7965ee856] INFO  o.eclipse.m2e.core.internal.Bundles - 	Entry: /Users/hritikchauhan123/.p2/pool/plugins/org.eclipse.m2e.maven.runtime_3.9.900.20250220-2013/jars/plexus-xml-3.0.1.jar
2026-02-18 16:18:16,403 [Worker-54: Launching mavenrun-08781bdb-7450-4e7c-8035-95d7965ee856] INFO  o.eclipse.m2e.core.internal.Bundles - 	Entry: /Users/hritikchauhan123/.p2/pool/plugins/org.eclipse.m2e.maven.runtime_3.9.900.20250220-2013/jars/wagon-file-3.5.3.jar
2026-02-18 16:18:16,403 [Worker-54: Launching mavenrun-08781bdb-7450-4e7c-8035-95d7965ee856] INFO  o.eclipse.m2e.core.internal.Bundles - 	Entry: /Users/hritikchauhan123/.p2/pool/plugins/org.eclipse.m2e.maven.runtime_3.9.900.20250220-2013/jars/wagon-http-3.5.3.jar
2026-02-18 16:18:16,403 [Worker-54: Launching mavenrun-08781bdb-7450-4e7c-8035-95d7965ee856] INFO  o.eclipse.m2e.core.internal.Bundles - 	Entry: /Users/hritikchauhan123/.p2/pool/plugins/org.eclipse.m2e.maven.runtime_3.9.900.20250220-2013/jars/wagon-http-shared-3.5.3.jar
2026-02-18 16:18:16,403 [Worker-54: Launching mavenrun-08781bdb-7450-4e7c-8035-95d7965ee856] INFO  o.eclipse.m2e.core.internal.Bundles - 	Entry: /Users/hritikchauhan123/.p2/pool/plugins/org.eclipse.m2e.maven.runtime_3.9.900.20250220-2013/jars/wagon-provider-api-3.5.3.jar
2026-02-18 16:18:16,406 [Worker-54: Launching mavenrun-08781bdb-7450-4e7c-8035-95d7965ee856] INFO  o.eclipse.m2e.core.internal.Bundles - getClasspathEntries(Bundle=com.google.guava_33.4.0.jre [12])
2026-02-18 16:18:16,406 [Worker-54: Launching mavenrun-08781bdb-7450-4e7c-8035-95d7965ee856] INFO  o.eclipse.m2e.core.internal.Bundles - 	Entry: /Users/hritikchauhan123/.p2/pool/plugins/com.google.guava_33.4.0.jre.jar
2026-02-18 16:18:16,406 [Worker-54: Launching mavenrun-08781bdb-7450-4e7c-8035-95d7965ee856] INFO  o.eclipse.m2e.core.internal.Bundles - getClasspathEntries(Bundle=slf4j.api_2.0.16 [520])
2026-02-18 16:18:16,406 [Worker-54: Launching mavenrun-08781bdb-7450-4e7c-8035-95d7965ee856] INFO  o.eclipse.m2e.core.internal.Bundles - 	Entry: /Users/hritikchauhan123/.p2/pool/plugins/slf4j.api_2.0.16.jar
2026-02-18 16:18:16,406 [Worker-54: Launching mavenrun-08781bdb-7450-4e7c-8035-95d7965ee856] INFO  o.eclipse.m2e.core.internal.Bundles - getClasspathEntries(Bundle=jakarta.inject.jakarta.inject-api_1.0.5 [24])
2026-02-18 16:18:16,406 [Worker-54: Launching mavenrun-08781bdb-7450-4e7c-8035-95d7965ee856] INFO  o.eclipse.m2e.core.internal.Bundles - 	Entry: /Users/hritikchauhan123/.p2/pool/plugins/jakarta.inject.jakarta.inject-api_1.0.5.jar
2026-02-18 16:18:16,406 [Worker-54: Launching mavenrun-08781bdb-7450-4e7c-8035-95d7965ee856] INFO  o.eclipse.m2e.core.internal.Bundles - getClasspathEntries(Bundle=jakarta.annotation-api_1.3.5 [22])
2026-02-18 16:18:16,406 [Worker-54: Launching mavenrun-08781bdb-7450-4e7c-8035-95d7965ee856] INFO  o.eclipse.m2e.core.internal.Bundles - 	Entry: /Users/hritikchauhan123/.p2/pool/plugins/jakarta.annotation-api_1.3.5.jar
2026-02-18 16:18:16,406 [Worker-54: Launching mavenrun-08781bdb-7450-4e7c-8035-95d7965ee856] INFO  o.eclipse.m2e.core.internal.Bundles - getClasspathEntries(Bundle=org.apache.commons.cli_1.9.0 [48])
2026-02-18 16:18:16,406 [Worker-54: Launching mavenrun-08781bdb-7450-4e7c-8035-95d7965ee856] INFO  o.eclipse.m2e.core.internal.Bundles - 	Entry: /Users/hritikchauhan123/.p2/pool/plugins/org.apache.commons.cli_1.9.0.jar
2026-02-18 16:18:16,406 [Worker-54: Launching mavenrun-08781bdb-7450-4e7c-8035-95d7965ee856] INFO  o.eclipse.m2e.core.internal.Bundles - getClasspathEntries(Bundle=org.apache.commons.commons-codec_1.16.0 [49])
2026-02-18 16:18:16,406 [Worker-54: Launching mavenrun-08781bdb-7450-4e7c-8035-95d7965ee856] INFO  o.eclipse.m2e.core.internal.Bundles - 	Entry: /Users/hritikchauhan123/.p2/pool/plugins/org.apache.commons.commons-codec_1.16.0.jar
2026-02-18 16:18:16,406 [Worker-54: Launching mavenrun-08781bdb-7450-4e7c-8035-95d7965ee856] INFO  o.eclipse.m2e.core.internal.Bundles - getClasspathEntries(Bundle=com.google.guava.failureaccess_1.0.2 [13])
2026-02-18 16:18:16,406 [Worker-54: Launching mavenrun-08781bdb-7450-4e7c-8035-95d7965ee856] INFO  o.eclipse.m2e.core.internal.Bundles - 	Entry: /Users/hritikchauhan123/.p2/pool/plugins/com.google.guava.failureaccess_1.0.2.jar
2026-02-18 16:18:16,412 [Worker-54: Launching mavenrun-08781bdb-7450-4e7c-8035-95d7965ee856] INFO  o.e.m.i.launch.MavenLaunchDelegate - Run build in "/var/folders/b4/y8tfxgks3zn5_g9_33c223lw0000gn/T/m2e-archetypeGenerator4844758319806025774":
2026-02-18 16:18:16,423 [Worker-54: Launching mavenrun-08781bdb-7450-4e7c-8035-95d7965ee856] INFO  o.e.m.i.launch.MavenLaunchDelegate -  mvn  -D? -DarchetypeGroupId=org.apache.maven.archetypes -DarchetypeArtifactId=maven-archetype-profiles -DarchetypeVersion=1.0-alpha-4 -DgroupId=com.Hritik -DartifactId=quantity-measurement-app -Dversion=0.0.1-SNAPSHOT -Dpackage=com.Hritik.quantity_measurement_app -DoutputDirectory="/Users/hritikchauhan123/Desktop/New_project /quantitymeasurementapp" -Dstyle.color=always -U archetype:generate
2026-02-18 16:19:03,710 [Worker-11: Creating maven-archetype-profiles] INFO  o.e.m.c.i.p.ProjectConfigurationManager - Collecting project info '/pom.xml' /Users/hritikchauhan123/Desktop/New_project /quantitymeasurementapp/quantity-measurement-app/pom.xml
2026-02-18 16:19:04,127 [Worker-11: Creating maven-archetype-profiles] INFO  o.e.m.c.i.e.AbstractTransferListenerAdapter - Downloading https://repo.maven.apache.org/maven2/org/apache/maven/plugins/maven-surefire-plugin/3.2.5/maven-surefire-plugin-3.2.5.jar
2026-02-18 16:19:04,140 [Worker-11: Creating maven-archetype-profiles] INFO  o.e.m.c.i.e.AbstractTransferListenerAdapter - Downloaded https://repo.maven.apache.org/maven2/org/apache/maven/plugins/maven-surefire-plugin/3.2.5/maven-surefire-plugin-3.2.5.jar
2026-02-18 16:19:05,312 [Worker-11: Creating maven-archetype-profiles] INFO  o.e.m.c.i.l.LifecycleMappingFactory - Using org.eclipse.m2e.jdt.JarLifecycleMapping lifecycle mapping for MavenProject: com.Hritik:quantity-measurement-app:0.0.1-SNAPSHOT @ /Users/hritikchauhan123/Desktop/New_project /quantitymeasurementapp/quantity-measurement-app/pom.xml.
2026-02-18 16:19:05,401 [Worker-11: Creating maven-archetype-profiles] INFO  o.e.m.c.i.e.AbstractTransferListenerAdapter - Downloading https://repo.maven.apache.org/maven2/junit/junit/3.8.1/junit-3.8.1.jar
2026-02-18 16:19:05,417 [Worker-11: Creating maven-archetype-profiles] INFO  o.e.m.c.i.e.AbstractTransferListenerAdapter - Downloaded https://repo.maven.apache.org/maven2/junit/junit/3.8.1/junit-3.8.1.jar
2026-02-18 16:19:05,486 [Worker-11: Creating maven-archetype-profiles] INFO  o.e.m.c.i.e.AbstractTransferListenerAdapter - Downloading https://repo.maven.apache.org/maven2/org/apache/maven/plugins/maven-surefire-plugin/3.2.5/maven-surefire-plugin-3.2.5.pom
2026-02-18 16:19:05,490 [Worker-11: Creating maven-archetype-profiles] INFO  o.e.m.c.i.e.AbstractTransferListenerAdapter - Downloaded https://repo.maven.apache.org/maven2/org/apache/maven/plugins/maven-surefire-plugin/3.2.5/maven-surefire-plugin-3.2.5.pom
2026-02-18 16:19:05,520 [Worker-11: Creating maven-archetype-profiles] INFO  o.e.m.c.i.e.AbstractTransferListenerAdapter - Downloading https://repo.maven.apache.org/maven2/org/apache/maven/surefire/surefire/3.2.5/surefire-3.2.5.pom
2026-02-18 16:19:05,522 [Worker-11: Creating maven-archetype-profiles] INFO  o.e.m.c.i.e.AbstractTransferListenerAdapter - Downloaded https://repo.maven.apache.org/maven2/org/apache/maven/surefire/surefire/3.2.5/surefire-3.2.5.pom
2026-02-18 16:19:05,575 [Worker-11: Creating maven-archetype-profiles] INFO  o.e.m.c.i.e.AbstractTransferListenerAdapter - Downloading https://repo.maven.apache.org/maven2/org/apache/maven/plugins/maven-jar-plugin/3.4.1/maven-jar-plugin-3.4.1.pom
2026-02-18 16:19:05,577 [Worker-11: Creating maven-archetype-profiles] INFO  o.e.m.c.i.e.AbstractTransferListenerAdapter - Downloaded https://repo.maven.apache.org/maven2/org/apache/maven/plugins/maven-jar-plugin/3.4.1/maven-jar-plugin-3.4.1.pom
2026-02-18 16:19:05,660 [Worker-11: Creating maven-archetype-profiles] INFO  o.e.m.c.i.e.AbstractTransferListenerAdapter - Downloading https://repo.maven.apache.org/maven2/org/codehaus/plexus/plexus-utils/4.0.1/plexus-utils-4.0.1.pom
2026-02-18 16:19:05,662 [Worker-11: Creating maven-archetype-profiles] INFO  o.e.m.c.i.e.AbstractTransferListenerAdapter - Downloaded https://repo.maven.apache.org/maven2/org/codehaus/plexus/plexus-utils/4.0.1/plexus-utils-4.0.1.pom
2026-02-18 16:19:05,697 [Worker-11: Creating maven-archetype-profiles] INFO  o.e.m.c.i.e.AbstractTransferListenerAdapter - Downloading https://repo.maven.apache.org/maven2/commons-io/commons-io/2.16.1/commons-io-2.16.1.pom
2026-02-18 16:19:05,698 [Worker-11: Creating maven-archetype-profiles] INFO  o.e.m.c.i.e.AbstractTransferListenerAdapter - Downloaded https://repo.maven.apache.org/maven2/commons-io/commons-io/2.16.1/commons-io-2.16.1.pom
2026-02-18 16:19:05,736 [Worker-11: Creating maven-archetype-profiles] INFO  o.e.m.c.i.e.AbstractTransferListenerAdapter - Downloading https://repo.maven.apache.org/maven2/org/apache/maven/maven-archiver/3.6.2/maven-archiver-3.6.2.pom
2026-02-18 16:19:05,737 [Worker-11: Creating maven-archetype-profiles] INFO  o.e.m.c.i.e.AbstractTransferListenerAdapter - Downloaded https://repo.maven.apache.org/maven2/org/apache/maven/maven-archiver/3.6.2/maven-archiver-3.6.2.pom
2026-02-18 16:19:05,776 [Worker-11: Creating maven-archetype-profiles] INFO  o.e.m.c.i.e.AbstractTransferListenerAdapter - Downloading https://repo.maven.apache.org/maven2/org/codehaus/plexus/plexus-archiver/4.9.2/plexus-archiver-4.9.2.pom
2026-02-18 16:19:05,778 [Worker-11: Creating maven-archetype-profiles] INFO  o.e.m.c.i.e.AbstractTransferListenerAdapter - Downloaded https://repo.maven.apache.org/maven2/org/codehaus/plexus/plexus-archiver/4.9.2/plexus-archiver-4.9.2.pom
2026-02-18 16:19:05,810 [Worker-11: Creating maven-archetype-profiles] INFO  o.e.m.c.i.e.AbstractTransferListenerAdapter - Downloading https://repo.maven.apache.org/maven2/org/codehaus/plexus/plexus-io/3.4.2/plexus-io-3.4.2.pom
2026-02-18 16:19:05,811 [Worker-11: Creating maven-archetype-profiles] INFO  o.e.m.c.i.e.AbstractTransferListenerAdapter - Downloaded https://repo.maven.apache.org/maven2/org/codehaus/plexus/plexus-io/3.4.2/plexus-io-3.4.2.pom
2026-02-18 16:19:05,841 [Worker-11: Creating maven-archetype-profiles] INFO  o.e.m.c.i.e.AbstractTransferListenerAdapter - Downloading https://repo.maven.apache.org/maven2/org/codehaus/plexus/plexus/16/plexus-16.pom
2026-02-18 16:19:05,844 [Worker-11: Creating maven-archetype-profiles] INFO  o.e.m.c.i.e.AbstractTransferListenerAdapter - Downloaded https://repo.maven.apache.org/maven2/org/codehaus/plexus/plexus/16/plexus-16.pom
2026-02-18 16:19:05,881 [Worker-11: Creating maven-archetype-profiles] INFO  o.e.m.c.i.e.AbstractTransferListenerAdapter - Downloading https://repo.maven.apache.org/maven2/org/apache/commons/commons-compress/1.26.1/commons-compress-1.26.1.pom
2026-02-18 16:19:05,883 [Worker-11: Creating maven-archetype-profiles] INFO  o.e.m.c.i.e.AbstractTransferListenerAdapter - Downloaded https://repo.maven.apache.org/maven2/org/apache/commons/commons-compress/1.26.1/commons-compress-1.26.1.pom
2026-02-18 16:19:05,917 [Worker-11: Creating maven-archetype-profiles] INFO  o.e.m.c.i.e.AbstractTransferListenerAdapter - Downloading https://repo.maven.apache.org/maven2/org/apache/commons/commons-parent/66/commons-parent-66.pom
2026-02-18 16:19:05,920 [Worker-11: Creating maven-archetype-profiles] INFO  o.e.m.c.i.e.AbstractTransferListenerAdapter - Downloaded https://repo.maven.apache.org/maven2/org/apache/commons/commons-parent/66/commons-parent-66.pom
2026-02-18 16:19:05,965 [Worker-11: Creating maven-archetype-profiles] INFO  o.e.m.c.i.e.AbstractTransferListenerAdapter - Downloading https://repo.maven.apache.org/maven2/commons-codec/commons-codec/1.16.1/commons-codec-1.16.1.pom
2026-02-18 16:19:05,968 [Worker-11: Creating maven-archetype-profiles] INFO  o.e.m.c.i.e.AbstractTransferListenerAdapter - Downloaded https://repo.maven.apache.org/maven2/commons-codec/commons-codec/1.16.1/commons-codec-1.16.1.pom
2026-02-18 16:19:06,003 [Worker-11: Creating maven-archetype-profiles] INFO  o.e.m.c.i.e.AbstractTransferListenerAdapter - Downloading https://repo.maven.apache.org/maven2/org/apache/commons/commons-lang3/3.14.0/commons-lang3-3.14.0.pom
2026-02-18 16:19:06,009 [Worker-11: Creating maven-archetype-profiles] INFO  o.e.m.c.i.e.AbstractTransferListenerAdapter - Downloaded https://repo.maven.apache.org/maven2/org/apache/commons/commons-lang3/3.14.0/commons-lang3-3.14.0.pom
2026-02-18 16:19:06,042 [Worker-11: Creating maven-archetype-profiles] INFO  o.e.m.c.i.e.AbstractTransferListenerAdapter - Downloading https://repo.maven.apache.org/maven2/org/apache/commons/commons-parent/64/commons-parent-64.pom
2026-02-18 16:19:06,049 [Worker-11: Creating maven-archetype-profiles] INFO  o.e.m.c.i.e.AbstractTransferListenerAdapter - Downloaded https://repo.maven.apache.org/maven2/org/apache/commons/commons-parent/64/commons-parent-64.pom
2026-02-18 16:19:06,085 [Worker-11: Creating maven-archetype-profiles] INFO  o.e.m.c.i.e.AbstractTransferListenerAdapter - Downloading https://repo.maven.apache.org/maven2/org/apache/apache/30/apache-30.pom
2026-02-18 16:19:06,088 [Worker-11: Creating maven-archetype-profiles] INFO  o.e.m.c.i.e.AbstractTransferListenerAdapter - Downloaded https://repo.maven.apache.org/maven2/org/apache/apache/30/apache-30.pom
2026-02-18 16:19:06,128 [Worker-11: Creating maven-archetype-profiles] INFO  o.e.m.c.i.e.AbstractTransferListenerAdapter - Downloading https://repo.maven.apache.org/maven2/com/github/luben/zstd-jni/1.5.5-11/zstd-jni-1.5.5-11.pom
2026-02-18 16:19:06,129 [Worker-11: Creating maven-archetype-profiles] INFO  o.e.m.c.i.e.AbstractTransferListenerAdapter - Downloaded https://repo.maven.apache.org/maven2/com/github/luben/zstd-jni/1.5.5-11/zstd-jni-1.5.5-11.pom
2026-02-18 16:19:06,159 [Worker-11: Creating maven-archetype-profiles] INFO  o.e.m.c.i.e.AbstractTransferListenerAdapter - Downloading https://repo.maven.apache.org/maven2/org/codehaus/plexus/plexus-interpolation/1.27/plexus-interpolation-1.27.pom
2026-02-18 16:19:06,161 [Worker-11: Creating maven-archetype-profiles] INFO  o.e.m.c.i.e.AbstractTransferListenerAdapter - Downloaded https://repo.maven.apache.org/maven2/org/codehaus/plexus/plexus-interpolation/1.27/plexus-interpolation-1.27.pom
2026-02-18 16:19:06,196 [Worker-11: Creating maven-archetype-profiles] INFO  o.e.m.c.i.e.AbstractTransferListenerAdapter - Downloading https://repo.maven.apache.org/maven2/commons-io/commons-io/2.16.1/commons-io-2.16.1.jar
2026-02-18 16:19:06,221 [Worker-11: Creating maven-archetype-profiles] INFO  o.e.m.c.i.e.AbstractTransferListenerAdapter - Downloaded https://repo.maven.apache.org/maven2/commons-io/commons-io/2.16.1/commons-io-2.16.1.jar
2026-02-18 16:19:06,250 [BasicRepositoryConnector-repo.maven.apache.org-0-1] INFO  o.e.m.c.i.e.AbstractTransferListenerAdapter - Downloading https://repo.maven.apache.org/maven2/org/codehaus/plexus/plexus-interpolation/1.27/plexus-interpolation-1.27.jar
2026-02-18 16:19:06,260 [BasicRepositoryConnector-repo.maven.apache.org-0-1] INFO  o.e.m.c.i.e.AbstractTransferListenerAdapter - Downloaded https://repo.maven.apache.org/maven2/org/codehaus/plexus/plexus-interpolation/1.27/plexus-interpolation-1.27.jar
2026-02-18 16:19:06,291 [BasicRepositoryConnector-repo.maven.apache.org-0-1] INFO  o.e.m.c.i.e.AbstractTransferListenerAdapter - Downloading https://repo.maven.apache.org/maven2/org/apache/commons/commons-compress/1.26.1/commons-compress-1.26.1.jar
2026-02-18 16:19:06,324 [BasicRepositoryConnector-repo.maven.apache.org-0-1] INFO  o.e.m.c.i.e.AbstractTransferListenerAdapter - Downloaded https://repo.maven.apache.org/maven2/org/apache/commons/commons-compress/1.26.1/commons-compress-1.26.1.jar
2026-02-18 16:19:06,357 [BasicRepositoryConnector-repo.maven.apache.org-0-1] INFO  o.e.m.c.i.e.AbstractTransferListenerAdapter - Downloading https://repo.maven.apache.org/maven2/org/apache/commons/commons-lang3/3.14.0/commons-lang3-3.14.0.jar
2026-02-18 16:19:06,366 [BasicRepositoryConnector-repo.maven.apache.org-0-2] INFO  o.e.m.c.i.e.AbstractTransferListenerAdapter - Downloading https://repo.maven.apache.org/maven2/org/codehaus/plexus/plexus-utils/4.0.1/plexus-utils-4.0.1.jar
2026-02-18 16:19:06,385 [BasicRepositoryConnector-repo.maven.apache.org-0-1] INFO  o.e.m.c.i.e.AbstractTransferListenerAdapter - Downloaded https://repo.maven.apache.org/maven2/org/apache/commons/commons-lang3/3.14.0/commons-lang3-3.14.0.jar
2026-02-18 16:19:06,397 [BasicRepositoryConnector-repo.maven.apache.org-0-0] INFO  o.e.m.c.i.e.AbstractTransferListenerAdapter - Downloading https://repo.maven.apache.org/maven2/org/apache/maven/maven-archiver/3.6.2/maven-archiver-3.6.2.jar
2026-02-18 16:19:06,397 [BasicRepositoryConnector-repo.maven.apache.org-0-3] INFO  o.e.m.c.i.e.AbstractTransferListenerAdapter - Downloading https://repo.maven.apache.org/maven2/org/codehaus/plexus/plexus-archiver/4.9.2/plexus-archiver-4.9.2.jar
2026-02-18 16:19:06,399 [BasicRepositoryConnector-repo.maven.apache.org-0-0] INFO  o.e.m.c.i.e.AbstractTransferListenerAdapter - Downloaded https://repo.maven.apache.org/maven2/org/apache/maven/maven-archiver/3.6.2/maven-archiver-3.6.2.jar
2026-02-18 16:19:06,402 [BasicRepositoryConnector-repo.maven.apache.org-0-4] INFO  o.e.m.c.i.e.AbstractTransferListenerAdapter - Downloading https://repo.maven.apache.org/maven2/org/codehaus/plexus/plexus-io/3.4.2/plexus-io-3.4.2.jar
2026-02-18 16:19:06,402 [BasicRepositoryConnector-repo.maven.apache.org-0-2] INFO  o.e.m.c.i.e.AbstractTransferListenerAdapter - Downloaded https://repo.maven.apache.org/maven2/org/codehaus/plexus/plexus-utils/4.0.1/plexus-utils-4.0.1.jar
2026-02-18 16:19:06,407 [BasicRepositoryConnector-repo.maven.apache.org-0-4] INFO  o.e.m.c.i.e.AbstractTransferListenerAdapter - Downloaded https://repo.maven.apache.org/maven2/org/codehaus/plexus/plexus-io/3.4.2/plexus-io-3.4.2.jar
2026-02-18 16:19:06,413 [BasicRepositoryConnector-repo.maven.apache.org-0-1] INFO  o.e.m.c.i.e.AbstractTransferListenerAdapter - Downloading https://repo.maven.apache.org/maven2/commons-codec/commons-codec/1.16.1/commons-codec-1.16.1.jar
2026-02-18 16:19:06,423 [BasicRepositoryConnector-repo.maven.apache.org-0-1] INFO  o.e.m.c.i.e.AbstractTransferListenerAdapter - Downloaded https://repo.maven.apache.org/maven2/commons-codec/commons-codec/1.16.1/commons-codec-1.16.1.jar
2026-02-18 16:19:06,424 [BasicRepositoryConnector-repo.maven.apache.org-0-3] INFO  o.e.m.c.i.e.AbstractTransferListenerAdapter - Downloaded https://repo.maven.apache.org/maven2/org/codehaus/plexus/plexus-archiver/4.9.2/plexus-archiver-4.9.2.jar
2026-02-18 16:19:06,429 [BasicRepositoryConnector-repo.maven.apache.org-0-0] INFO  o.e.m.c.i.e.AbstractTransferListenerAdapter - Downloading https://repo.maven.apache.org/maven2/com/github/luben/zstd-jni/1.5.5-11/zstd-jni-1.5.5-11.jar
2026-02-18 16:19:07,826 [BasicRepositoryConnector-repo.maven.apache.org-0-0] INFO  o.e.m.c.i.e.AbstractTransferListenerAdapter - Downloaded https://repo.maven.apache.org/maven2/com/github/luben/zstd-jni/1.5.5-11/zstd-jni-1.5.5-11.jar
2026-02-18 16:19:08,254 [Worker-11: Creating maven-archetype-profiles] INFO  o.e.m.j.i.AbstractJavaProjectConfigurator - Adding source folder /quantity-measurement-app/src/main/java
2026-02-18 16:19:08,255 [Worker-11: Creating maven-archetype-profiles] INFO  o.e.m.j.i.AbstractJavaProjectConfigurator - Adding resource folder /quantity-measurement-app/src/main/resources
2026-02-18 16:19:08,256 [Worker-11: Creating maven-archetype-profiles] INFO  o.e.m.j.i.AbstractJavaProjectConfigurator - Adding source folder /quantity-measurement-app/src/test/java
2026-02-18 16:19:08,256 [Worker-11: Creating maven-archetype-profiles] INFO  o.e.m.j.i.AbstractJavaProjectConfigurator - Adding resource folder /quantity-measurement-app/src/test/resources
2026-02-18 16:19:08,427 [Worker-11: Creating maven-archetype-profiles] INFO  o.e.m.c.i.p.ProjectConfigurationManager - Imported and configured 1 project(s) in 4 sec
2026-02-18 16:19:09,218 [Worker-55: Download sources and javadoc] INFO  o.e.m.c.i.e.AbstractTransferListenerAdapter - Downloading https://repo.maven.apache.org/maven2/junit/junit/3.8.1/junit-3.8.1-sources.jar
2026-02-18 16:19:09,226 [Worker-55: Download sources and javadoc] INFO  o.e.m.c.i.e.AbstractTransferListenerAdapter - Downloaded https://repo.maven.apache.org/maven2/junit/junit/3.8.1/junit-3.8.1-sources.jar
2026-02-18 16:19:09,230 [Worker-55: Download sources and javadoc] INFO  o.e.m.j.internal.DownloadSourcesJob - Downloaded sources for junit:junit:3.8.1
2026-02-18 16:19:11,949 [Worker-56: Building] WARN  o.a.m.s.f.DefaultMavenResourcesFiltering - Using platform encoding (UTF-8 actually) to copy filtered resources, i.e. build is platform dependent!
2026-02-18 16:19:11,960 [Worker-56: Building] INFO  o.a.m.s.f.DefaultMavenResourcesFiltering - skip non existing resourceDirectory /Users/hritikchauhan123/Desktop/New_project /quantitymeasurementapp/quantity-measurement-app/src/main/resources
2026-02-18 16:19:12,003 [Worker-56: Building] WARN  o.a.m.s.f.DefaultMavenResourcesFiltering - Using platform encoding (UTF-8 actually) to copy filtered resources, i.e. build is platform dependent!
2026-02-18 16:19:12,005 [Worker-56: Building] INFO  o.a.m.s.f.DefaultMavenResourcesFiltering - skip non existing resourceDirectory /Users/hritikchauhan123/Desktop/New_project /quantitymeasurementapp/quantity-measurement-app/src/test/resources
2026-02-18 16:24:54,992 [Worker-61: Creating project "Feet-measurement"] INFO  o.e.m.c.i.l.LifecycleMappingFactory - Using org.eclipse.m2e.jdt.JarLifecycleMapping lifecycle mapping for MavenProject: com.feetmeasurement:Feet-measurement:0.0.1-SNAPSHOT @ /Users/hritikchauhan123/Desktop/New_project /Feet-measurement/pom.xml.
2026-02-18 16:24:55,060 [Worker-61: Creating project "Feet-measurement"] INFO  o.e.m.j.i.AbstractJavaProjectConfigurator - Adding source folder /Feet-measurement/src/main/java
2026-02-18 16:24:55,060 [Worker-61: Creating project "Feet-measurement"] INFO  o.e.m.j.i.AbstractJavaProjectConfigurator - Adding resource folder /Feet-measurement/src/main/resources
2026-02-18 16:24:55,060 [Worker-61: Creating project "Feet-measurement"] INFO  o.e.m.j.i.AbstractJavaProjectConfigurator - Adding source folder /Feet-measurement/src/test/java
2026-02-18 16:24:55,061 [Worker-61: Creating project "Feet-measurement"] INFO  o.e.m.j.i.AbstractJavaProjectConfigurator - Adding resource folder /Feet-measurement/src/test/resources
2026-02-18 16:24:56,392 [Worker-65: Building] WARN  o.a.m.s.f.DefaultMavenResourcesFiltering - Using platform encoding (UTF-8 actually) to copy filtered resources, i.e. build is platform dependent!
2026-02-18 16:24:56,440 [Worker-65: Building] INFO  o.a.m.s.f.DefaultMavenResourcesFiltering - Copying 0 resource from src/main/resources to target/classes
2026-02-18 16:24:56,455 [Worker-65: Building] WARN  o.a.m.s.f.DefaultMavenResourcesFiltering - Using platform encoding (UTF-8 actually) to copy filtered resources, i.e. build is platform dependent!
2026-02-18 16:24:56,456 [Worker-65: Building] INFO  o.a.m.s.f.DefaultMavenResourcesFiltering - Copying 0 resource from src/test/resources to target/test-classes
2026-02-18 16:30:21,343 [Worker-9: Loading available Gradle versions] INFO  o.e.b.c.i.u.g.PublishedGradleVersions - Gradle version information cache is up-to-date. Trying to read.
2026-02-18 16:32:24,801 [Worker-29: Creating project "FeetMeasurementApp"] INFO  o.e.m.c.i.l.LifecycleMappingFactory - Using org.eclipse.m2e.jdt.JarLifecycleMapping lifecycle mapping for MavenProject: com.FeetMeasurementApp:FeetMeasurementApp:0.0.1-SNAPSHOT @ /Users/hritikchauhan123/Desktop/New_project /FeetMeasurementApp/pom.xml.
2026-02-18 16:32:25,433 [Worker-29: Creating project "FeetMeasurementApp"] INFO  o.e.m.j.i.AbstractJavaProjectConfigurator - Adding source folder /FeetMeasurementApp/src/main/java
2026-02-18 16:32:25,435 [Worker-29: Creating project "FeetMeasurementApp"] INFO  o.e.m.j.i.AbstractJavaProjectConfigurator - Adding resource folder /FeetMeasurementApp/src/main/resources
2026-02-18 16:32:25,436 [Worker-29: Creating project "FeetMeasurementApp"] INFO  o.e.m.j.i.AbstractJavaProjectConfigurator - Adding source folder /FeetMeasurementApp/src/test/java
2026-02-18 16:32:25,436 [Worker-29: Creating project "FeetMeasurementApp"] INFO  o.e.m.j.i.AbstractJavaProjectConfigurator - Adding resource folder /FeetMeasurementApp/src/test/resources
2026-02-18 16:32:27,609 [Worker-39: Building] WARN  o.a.m.s.f.DefaultMavenResourcesFiltering - Using platform encoding (UTF-8 actually) to copy filtered resources, i.e. build is platform dependent!
2026-02-18 16:32:27,618 [Worker-39: Building] INFO  o.a.m.s.f.DefaultMavenResourcesFiltering - Copying 0 resource from src/main/resources to target/classes
2026-02-18 16:32:27,638 [Worker-39: Building] WARN  o.a.m.s.f.DefaultMavenResourcesFiltering - Using platform encoding (UTF-8 actually) to copy filtered resources, i.e. build is platform dependent!
2026-02-18 16:32:27,640 [Worker-39: Building] INFO  o.a.m.s.f.DefaultMavenResourcesFiltering - Copying 0 resource from src/test/resources to target/test-classes
2026-02-18 16:41:58,209 [Worker-7: Loading available Gradle versions] INFO  o.e.b.c.i.u.g.PublishedGradleVersions - Gradle version information cache is up-to-date. Trying to read.
2026-02-18 16:42:07,520 [Worker-5: Building] INFO  o.e.m.c.i.l.LifecycleMappingFactory - Using org.eclipse.m2e.jdt.JarLifecycleMapping lifecycle mapping for MavenProject: com.FeetMeasurementApp:FeetMeasurementApp:0.0.1-SNAPSHOT @ /Users/hritikchauhan123/Desktop/FeetMeasurementApp/FeetMeasurementApp/pom.xml.
2026-02-18 16:42:12,000 [Worker-5: Building] WARN  o.a.m.s.f.DefaultMavenResourcesFiltering - Using platform encoding (UTF-8 actually) to copy filtered resources, i.e. build is platform dependent!
2026-02-18 16:42:12,019 [Worker-5: Building] INFO  o.a.m.s.f.DefaultMavenResourcesFiltering - Copying 0 resource from src/main/resources to target/classes
2026-02-18 16:42:12,196 [Worker-5: Building] WARN  o.a.m.s.f.DefaultMavenResourcesFiltering - Using platform encoding (UTF-8 actually) to copy filtered resources, i.e. build is platform dependent!
2026-02-18 16:42:12,198 [Worker-5: Building] INFO  o.a.m.s.f.DefaultMavenResourcesFiltering - Copying 0 resource from src/test/resources to target/test-classes
2026-02-18 16:42:12,592 [Worker-7: Updating Maven Dependencies] INFO  o.e.m.c.i.l.LifecycleMappingFactory - Using org.eclipse.m2e.jdt.JarLifecycleMapping lifecycle mapping for MavenProject: com.FeetMeasurementApp:FeetMeasurementApp:0.0.1-SNAPSHOT @ /Users/hritikchauhan123/Desktop/FeetMeasurementApp/FeetMeasurementApp/pom.xml.
2026-02-18 16:43:42,082 [Worker-32: Building] WARN  o.a.m.s.f.DefaultMavenResourcesFiltering - Using platform encoding (UTF-8 actually) to copy filtered resources, i.e. build is platform dependent!
2026-02-18 16:43:42,096 [Worker-32: Building] INFO  o.a.m.s.f.DefaultMavenResourcesFiltering - Copying 0 resource from src/main/resources to target/classes
2026-02-18 16:43:42,106 [Worker-32: Building] WARN  o.a.m.s.f.DefaultMavenResourcesFiltering - Using platform encoding (UTF-8 actually) to copy filtered resources, i.e. build is platform dependent!
2026-02-18 16:43:42,107 [Worker-32: Building] INFO  o.a.m.s.f.DefaultMavenResourcesFiltering - Copying 0 resource from src/test/resources to target/test-classes
2026-02-18 16:46:18,072 [Worker-9: Building] WARN  o.a.m.s.f.DefaultMavenResourcesFiltering - Using platform encoding (UTF-8 actually) to copy filtered resources, i.e. build is platform dependent!
2026-02-18 16:46:18,078 [Worker-9: Building] INFO  o.a.m.s.f.DefaultMavenResourcesFiltering - Copying 0 resource from src/main/resources to target/classes
2026-02-18 16:46:18,081 [Worker-9: Building] WARN  o.a.m.s.f.DefaultMavenResourcesFiltering - Using platform encoding (UTF-8 actually) to copy filtered resources, i.e. build is platform dependent!
2026-02-18 16:46:18,082 [Worker-9: Building] INFO  o.a.m.s.f.DefaultMavenResourcesFiltering - Copying 0 resource from src/test/resources to target/test-classes
2026-02-18 16:51:39,557 [Worker-36: Building] WARN  o.a.m.s.f.DefaultMavenResourcesFiltering - Using platform encoding (UTF-8 actually) to copy filtered resources, i.e. build is platform dependent!
2026-02-18 16:51:39,567 [Worker-36: Building] INFO  o.a.m.s.f.DefaultMavenResourcesFiltering - Copying 0 resource from src/main/resources to target/classes
2026-02-18 16:51:39,572 [Worker-36: Building] WARN  o.a.m.s.f.DefaultMavenResourcesFiltering - Using platform encoding (UTF-8 actually) to copy filtered resources, i.e. build is platform dependent!
2026-02-18 16:51:39,575 [Worker-36: Building] INFO  o.a.m.s.f.DefaultMavenResourcesFiltering - Copying 0 resource from src/test/resources to target/test-classes
2026-02-18 22:51:49,154 [Worker-6: Loading available Gradle versions] INFO  o.e.b.c.i.u.g.PublishedGradleVersions - Gradle version information cache is up-to-date. Trying to read.
2026-02-18 23:01:37,962 [Worker-40: Updating Maven Project] INFO  o.e.m.c.i.p.ProjectConfigurationManager - Update started
2026-02-18 23:01:38,495 [Worker-40: Updating Maven Project] INFO  o.e.m.c.i.l.LifecycleMappingFactory - Using org.eclipse.m2e.jdt.JarLifecycleMapping lifecycle mapping for MavenProject: com.FeetMeasurementApp:FeetMeasurementApp:0.0.1-SNAPSHOT @ /Users/hritikchauhan123/Desktop/FeetMeasurementApp/FeetMeasurementApp/pom.xml.
2026-02-18 23:01:38,771 [Worker-40: Updating Maven Project] INFO  o.e.m.j.i.AbstractJavaProjectConfigurator - Adding source folder /FeetMeasurementApp/src/main/java
2026-02-18 23:01:38,772 [Worker-40: Updating Maven Project] INFO  o.e.m.j.i.AbstractJavaProjectConfigurator - Adding resource folder /FeetMeasurementApp/src/main/resources
2026-02-18 23:01:38,773 [Worker-40: Updating Maven Project] INFO  o.e.m.j.i.AbstractJavaProjectConfigurator - Adding source folder /FeetMeasurementApp/src/test/java
2026-02-18 23:01:38,773 [Worker-40: Updating Maven Project] INFO  o.e.m.j.i.AbstractJavaProjectConfigurator - Adding resource folder /FeetMeasurementApp/src/test/resources
2026-02-18 23:01:38,921 [Worker-40: Updating Maven Project] INFO  o.e.m.c.i.p.ProjectConfigurationManager - Update completed for 1 poms: local refresh takes 0.00 sec, refresh facades takes 0.00 sec, update config takes 0.00 sec 
2026-02-18 23:01:39,213 [Worker-35: Building] WARN  o.a.m.s.f.DefaultMavenResourcesFiltering - Using platform encoding (UTF-8 actually) to copy filtered resources, i.e. build is platform dependent!
2026-02-18 23:01:39,217 [Worker-35: Building] INFO  o.a.m.s.f.DefaultMavenResourcesFiltering - Copying 0 resource from src/main/resources to target/classes
2026-02-18 23:01:39,221 [Worker-35: Building] WARN  o.a.m.s.f.DefaultMavenResourcesFiltering - Using platform encoding (UTF-8 actually) to copy filtered resources, i.e. build is platform dependent!
2026-02-18 23:01:39,221 [Worker-35: Building] INFO  o.a.m.s.f.DefaultMavenResourcesFiltering - Copying 0 resource from src/test/resources to target/test-classes
2026-02-18 23:02:14,605 [Worker-44: Updating Maven Project] INFO  o.e.m.c.i.p.ProjectConfigurationManager - Update started
2026-02-18 23:02:15,162 [Worker-44: Updating Maven Project] INFO  o.e.m.c.i.l.LifecycleMappingFactory - Using org.eclipse.m2e.jdt.JarLifecycleMapping lifecycle mapping for MavenProject: com.FeetMeasurementApp:FeetMeasurementApp:0.0.1-SNAPSHOT @ /Users/hritikchauhan123/Desktop/FeetMeasurementApp/FeetMeasurementApp/pom.xml.
2026-02-18 23:02:15,333 [Worker-44: Updating Maven Project] INFO  o.e.m.j.i.AbstractJavaProjectConfigurator - Adding source folder /FeetMeasurementApp/src/main/java
2026-02-18 23:02:15,334 [Worker-44: Updating Maven Project] INFO  o.e.m.j.i.AbstractJavaProjectConfigurator - Adding resource folder /FeetMeasurementApp/src/main/resources
2026-02-18 23:02:15,334 [Worker-44: Updating Maven Project] INFO  o.e.m.j.i.AbstractJavaProjectConfigurator - Adding source folder /FeetMeasurementApp/src/test/java
2026-02-18 23:02:15,334 [Worker-44: Updating Maven Project] INFO  o.e.m.j.i.AbstractJavaProjectConfigurator - Adding resource folder /FeetMeasurementApp/src/test/resources
2026-02-18 23:02:15,509 [Worker-44: Updating Maven Project] INFO  o.e.m.c.i.p.ProjectConfigurationManager - Update completed for 1 poms: local refresh takes 0.00 sec, refresh facades takes 0.00 sec, update config takes 0.00 sec 
2026-02-18 23:02:15,825 [Worker-35: Building] WARN  o.a.m.s.f.DefaultMavenResourcesFiltering - Using platform encoding (UTF-8 actually) to copy filtered resources, i.e. build is platform dependent!
2026-02-18 23:02:15,829 [Worker-35: Building] INFO  o.a.m.s.f.DefaultMavenResourcesFiltering - Copying 0 resource from src/main/resources to target/classes
2026-02-18 23:02:15,834 [Worker-35: Building] WARN  o.a.m.s.f.DefaultMavenResourcesFiltering - Using platform encoding (UTF-8 actually) to copy filtered resources, i.e. build is platform dependent!
2026-02-18 23:02:15,835 [Worker-35: Building] INFO  o.a.m.s.f.DefaultMavenResourcesFiltering - Copying 0 resource from src/test/resources to target/test-classes
2026-02-18 23:04:25,220 [Worker-9: Loading available Gradle versions] INFO  o.e.b.c.i.u.g.PublishedGradleVersions - Gradle version information cache is up-to-date. Trying to read.
2026-02-18 23:06:29,437 [Worker-15: Creating project "QuantityMeasurementApp"] INFO  o.e.m.c.i.l.LifecycleMappingFactory - Using org.eclipse.m2e.jdt.JarLifecycleMapping lifecycle mapping for MavenProject: com.quantity:QuantityMeasurementApp:0.0.1-SNAPSHOT @ /Users/hritikchauhan123/Desktop/FeetMeasurementApp/QuantityMeasurementApp/pom.xml.
2026-02-18 23:06:30,115 [Worker-15: Creating project "QuantityMeasurementApp"] INFO  o.e.m.j.i.AbstractJavaProjectConfigurator - Adding source folder /QuantityMeasurementApp/src/main/java
2026-02-18 23:06:30,116 [Worker-15: Creating project "QuantityMeasurementApp"] INFO  o.e.m.j.i.AbstractJavaProjectConfigurator - Adding resource folder /QuantityMeasurementApp/src/main/resources
2026-02-18 23:06:30,117 [Worker-15: Creating project "QuantityMeasurementApp"] INFO  o.e.m.j.i.AbstractJavaProjectConfigurator - Adding source folder /QuantityMeasurementApp/src/test/java
2026-02-18 23:06:30,117 [Worker-15: Creating project "QuantityMeasurementApp"] INFO  o.e.m.j.i.AbstractJavaProjectConfigurator - Adding resource folder /QuantityMeasurementApp/src/test/resources
2026-02-18 23:06:31,770 [Worker-31: Building] WARN  o.a.m.s.f.DefaultMavenResourcesFiltering - Using platform encoding (UTF-8 actually) to copy filtered resources, i.e. build is platform dependent!
2026-02-18 23:06:31,775 [Worker-31: Building] INFO  o.a.m.s.f.DefaultMavenResourcesFiltering - Copying 0 resource from src/main/resources to target/classes
2026-02-18 23:06:31,783 [Worker-31: Building] WARN  o.a.m.s.f.DefaultMavenResourcesFiltering - Using platform encoding (UTF-8 actually) to copy filtered resources, i.e. build is platform dependent!
2026-02-18 23:06:31,784 [Worker-31: Building] INFO  o.a.m.s.f.DefaultMavenResourcesFiltering - Copying 0 resource from src/test/resources to target/test-classes
2026-02-18 23:07:29,003 [Worker-31: Building] WARN  o.a.m.s.f.DefaultMavenResourcesFiltering - Using platform encoding (UTF-8 actually) to copy filtered resources, i.e. build is platform dependent!
2026-02-18 23:07:29,017 [Worker-31: Building] INFO  o.a.m.s.f.DefaultMavenResourcesFiltering - Copying 0 resource from src/main/resources to target/classes
2026-02-18 23:07:29,026 [Worker-31: Building] WARN  o.a.m.s.f.DefaultMavenResourcesFiltering - Using platform encoding (UTF-8 actually) to copy filtered resources, i.e. build is platform dependent!
2026-02-18 23:07:29,028 [Worker-31: Building] INFO  o.a.m.s.f.DefaultMavenResourcesFiltering - Copying 0 resource from src/test/resources to target/test-classes
2026-02-18 23:07:58,761 [Worker-0: Building] WARN  o.a.m.s.f.DefaultMavenResourcesFiltering - Using platform encoding (UTF-8 actually) to copy filtered resources, i.e. build is platform dependent!
2026-02-18 23:07:58,768 [Worker-0: Building] INFO  o.a.m.s.f.DefaultMavenResourcesFiltering - Copying 0 resource from src/main/resources to target/classes
2026-02-18 23:07:58,772 [Worker-0: Building] WARN  o.a.m.s.f.DefaultMavenResourcesFiltering - Using platform encoding (UTF-8 actually) to copy filtered resources, i.e. build is platform dependent!
2026-02-18 23:07:58,774 [Worker-0: Building] INFO  o.a.m.s.f.DefaultMavenResourcesFiltering - Copying 0 resource from src/test/resources to target/test-classes
2026-02-18 23:08:47,593 [Worker-31: Building] WARN  o.a.m.s.f.DefaultMavenResourcesFiltering - Using platform encoding (UTF-8 actually) to copy filtered resources, i.e. build is platform dependent!
2026-02-18 23:08:47,595 [Worker-31: Building] INFO  o.a.m.s.f.DefaultMavenResourcesFiltering - Copying 0 resource from src/main/resources to target/classes
2026-02-18 23:08:47,601 [Worker-31: Building] WARN  o.a.m.s.f.DefaultMavenResourcesFiltering - Using platform encoding (UTF-8 actually) to copy filtered resources, i.e. build is platform dependent!
2026-02-18 23:08:47,604 [Worker-31: Building] INFO  o.a.m.s.f.DefaultMavenResourcesFiltering - Copying 0 resource from src/test/resources to target/test-classes
2026-02-18 23:11:40,428 [Worker-34: Updating Maven Project] INFO  o.e.m.c.i.p.ProjectConfigurationManager - Update started
2026-02-18 23:11:40,876 [Worker-34: Updating Maven Project] INFO  o.e.m.c.i.l.LifecycleMappingFactory - Using org.eclipse.m2e.jdt.JarLifecycleMapping lifecycle mapping for MavenProject: com.quantity:QuantityMeasurementApp:0.0.1-SNAPSHOT @ /Users/hritikchauhan123/Desktop/FeetMeasurementApp/QuantityMeasurementApp/pom.xml.
2026-02-18 23:11:41,029 [Worker-34: Updating Maven Project] INFO  o.e.m.j.i.AbstractJavaProjectConfigurator - Adding source folder /QuantityMeasurementApp/src/main/java
2026-02-18 23:11:41,030 [Worker-34: Updating Maven Project] INFO  o.e.m.j.i.AbstractJavaProjectConfigurator - Adding resource folder /QuantityMeasurementApp/src/main/resources
2026-02-18 23:11:41,030 [Worker-34: Updating Maven Project] INFO  o.e.m.j.i.AbstractJavaProjectConfigurator - Adding source folder /QuantityMeasurementApp/src/test/java
2026-02-18 23:11:41,030 [Worker-34: Updating Maven Project] INFO  o.e.m.j.i.AbstractJavaProjectConfigurator - Adding resource folder /QuantityMeasurementApp/src/test/resources
2026-02-18 23:11:41,089 [Worker-34: Updating Maven Project] INFO  o.e.m.c.i.p.ProjectConfigurationManager - Update completed for 1 poms: local refresh takes 0.00 sec, refresh facades takes 0.00 sec, update config takes 0.00 sec 
2026-02-18 23:11:41,306 [Worker-0: Building] WARN  o.a.m.s.f.DefaultMavenResourcesFiltering - Using platform encoding (UTF-8 actually) to copy filtered resources, i.e. build is platform dependent!
2026-02-18 23:11:41,308 [Worker-0: Building] INFO  o.a.m.s.f.DefaultMavenResourcesFiltering - Copying 0 resource from src/main/resources to target/classes
2026-02-18 23:11:41,312 [Worker-0: Building] WARN  o.a.m.s.f.DefaultMavenResourcesFiltering - Using platform encoding (UTF-8 actually) to copy filtered resources, i.e. build is platform dependent!
2026-02-18 23:11:41,313 [Worker-0: Building] INFO  o.a.m.s.f.DefaultMavenResourcesFiltering - Copying 0 resource from src/test/resources to target/test-classes
2026-02-18 23:12:18,017 [Worker-0: Updating Maven Project] INFO  o.e.m.c.i.p.ProjectConfigurationManager - Update started
2026-02-18 23:12:18,227 [Worker-0: Updating Maven Project] INFO  o.e.m.c.i.l.LifecycleMappingFactory - Using org.eclipse.m2e.jdt.JarLifecycleMapping lifecycle mapping for MavenProject: com.quantity:QuantityMeasurementApp:0.0.1-SNAPSHOT @ /Users/hritikchauhan123/Desktop/FeetMeasurementApp/QuantityMeasurementApp/pom.xml.
2026-02-18 23:12:18,341 [Worker-0: Updating Maven Project] INFO  o.e.m.j.i.AbstractJavaProjectConfigurator - Adding source folder /QuantityMeasurementApp/src/main/java
2026-02-18 23:12:18,341 [Worker-0: Updating Maven Project] INFO  o.e.m.j.i.AbstractJavaProjectConfigurator - Adding resource folder /QuantityMeasurementApp/src/main/resources
2026-02-18 23:12:18,341 [Worker-0: Updating Maven Project] INFO  o.e.m.j.i.AbstractJavaProjectConfigurator - Adding source folder /QuantityMeasurementApp/src/test/java
2026-02-18 23:12:18,342 [Worker-0: Updating Maven Project] INFO  o.e.m.j.i.AbstractJavaProjectConfigurator - Adding resource folder /QuantityMeasurementApp/src/test/resources
2026-02-18 23:12:18,391 [Worker-0: Updating Maven Project] INFO  o.e.m.c.i.p.ProjectConfigurationManager - Update completed for 1 poms: local refresh takes 0.00 sec, refresh facades takes 0.00 sec, update config takes 0.00 sec 
2026-02-18 23:12:18,571 [Worker-30: Building] WARN  o.a.m.s.f.DefaultMavenResourcesFiltering - Using platform encoding (UTF-8 actually) to copy filtered resources, i.e. build is platform dependent!
2026-02-18 23:12:18,576 [Worker-30: Building] INFO  o.a.m.s.f.DefaultMavenResourcesFiltering - Copying 0 resource from src/main/resources to target/classes
2026-02-18 23:12:18,582 [Worker-30: Building] WARN  o.a.m.s.f.DefaultMavenResourcesFiltering - Using platform encoding (UTF-8 actually) to copy filtered resources, i.e. build is platform dependent!
2026-02-18 23:12:18,584 [Worker-30: Building] INFO  o.a.m.s.f.DefaultMavenResourcesFiltering - Copying 0 resource from src/test/resources to target/test-classes
2026-02-18 23:14:17,027 [Worker-0: Building] WARN  o.a.m.s.f.DefaultMavenResourcesFiltering - Using platform encoding (UTF-8 actually) to copy filtered resources, i.e. build is platform dependent!
2026-02-18 23:14:17,034 [Worker-0: Building] INFO  o.a.m.s.f.DefaultMavenResourcesFiltering - Copying 0 resource from src/main/resources to target/classes
2026-02-18 23:14:17,041 [Worker-0: Building] WARN  o.a.m.s.f.DefaultMavenResourcesFiltering - Using platform encoding (UTF-8 actually) to copy filtered resources, i.e. build is platform dependent!
2026-02-18 23:14:17,042 [Worker-0: Building] INFO  o.a.m.s.f.DefaultMavenResourcesFiltering - Copying 0 resource from src/test/resources to target/test-classes
2026-02-18 23:17:13,269 [Worker-38: Launching QuantityMeasurementApp] INFO  o.e.m.c.i.e.AbstractTransferListenerAdapter - Downloading https://repo.maven.apache.org/maven2/org/junit/jupiter/junit-jupiter/5.10.0/junit-jupiter-5.10.0.pom
2026-02-18 23:17:13,281 [Worker-38: Launching QuantityMeasurementApp] INFO  o.e.m.c.i.e.AbstractTransferListenerAdapter - Downloaded https://repo.maven.apache.org/maven2/org/junit/jupiter/junit-jupiter/5.10.0/junit-jupiter-5.10.0.pom
2026-02-18 23:17:13,385 [Worker-38: Launching QuantityMeasurementApp] INFO  o.e.m.c.i.e.AbstractTransferListenerAdapter - Downloading https://repo.maven.apache.org/maven2/org/junit/jupiter/junit-jupiter-api/5.10.0/junit-jupiter-api-5.10.0.pom
2026-02-18 23:17:13,388 [Worker-38: Launching QuantityMeasurementApp] INFO  o.e.m.c.i.e.AbstractTransferListenerAdapter - Downloaded https://repo.maven.apache.org/maven2/org/junit/jupiter/junit-jupiter-api/5.10.0/junit-jupiter-api-5.10.0.pom
2026-02-18 23:17:13,467 [Worker-38: Launching QuantityMeasurementApp] INFO  o.e.m.c.i.e.AbstractTransferListenerAdapter - Downloading https://repo.maven.apache.org/maven2/org/junit/platform/junit-platform-commons/1.10.0/junit-platform-commons-1.10.0.pom
2026-02-18 23:17:13,469 [Worker-38: Launching QuantityMeasurementApp] INFO  o.e.m.c.i.e.AbstractTransferListenerAdapter - Downloaded https://repo.maven.apache.org/maven2/org/junit/platform/junit-platform-commons/1.10.0/junit-platform-commons-1.10.0.pom
2026-02-18 23:17:13,543 [Worker-38: Launching QuantityMeasurementApp] INFO  o.e.m.c.i.e.AbstractTransferListenerAdapter - Downloading https://repo.maven.apache.org/maven2/org/junit/jupiter/junit-jupiter-params/5.10.0/junit-jupiter-params-5.10.0.pom
2026-02-18 23:17:13,547 [Worker-38: Launching QuantityMeasurementApp] INFO  o.e.m.c.i.e.AbstractTransferListenerAdapter - Downloaded https://repo.maven.apache.org/maven2/org/junit/jupiter/junit-jupiter-params/5.10.0/junit-jupiter-params-5.10.0.pom
2026-02-18 23:17:13,621 [Worker-38: Launching QuantityMeasurementApp] INFO  o.e.m.c.i.e.AbstractTransferListenerAdapter - Downloading https://repo.maven.apache.org/maven2/org/junit/jupiter/junit-jupiter-engine/5.10.0/junit-jupiter-engine-5.10.0.pom
2026-02-18 23:17:13,625 [Worker-38: Launching QuantityMeasurementApp] INFO  o.e.m.c.i.e.AbstractTransferListenerAdapter - Downloaded https://repo.maven.apache.org/maven2/org/junit/jupiter/junit-jupiter-engine/5.10.0/junit-jupiter-engine-5.10.0.pom
2026-02-18 23:17:13,704 [Worker-38: Launching QuantityMeasurementApp] INFO  o.e.m.c.i.e.AbstractTransferListenerAdapter - Downloading https://repo.maven.apache.org/maven2/org/junit/platform/junit-platform-engine/1.10.0/junit-platform-engine-1.10.0.pom
2026-02-18 23:17:13,708 [Worker-38: Launching QuantityMeasurementApp] INFO  o.e.m.c.i.e.AbstractTransferListenerAdapter - Downloaded https://repo.maven.apache.org/maven2/org/junit/platform/junit-platform-engine/1.10.0/junit-platform-engine-1.10.0.pom
2026-02-18 23:17:13,820 [Worker-38: Launching QuantityMeasurementApp] INFO  o.e.m.c.i.e.AbstractTransferListenerAdapter - Downloading https://repo.maven.apache.org/maven2/org/junit/jupiter/junit-jupiter/5.10.0/junit-jupiter-5.10.0.jar
2026-02-18 23:17:13,828 [Worker-38: Launching QuantityMeasurementApp] INFO  o.e.m.c.i.e.AbstractTransferListenerAdapter - Downloaded https://repo.maven.apache.org/maven2/org/junit/jupiter/junit-jupiter/5.10.0/junit-jupiter-5.10.0.jar
2026-02-18 23:17:13,906 [BasicRepositoryConnector-repo.maven.apache.org-0-0] INFO  o.e.m.c.i.e.AbstractTransferListenerAdapter - Downloading https://repo.maven.apache.org/maven2/org/junit/jupiter/junit-jupiter-api/5.10.0/junit-jupiter-api-5.10.0.jar
2026-02-18 23:17:14,033 [BasicRepositoryConnector-repo.maven.apache.org-0-0] INFO  o.e.m.c.i.e.AbstractTransferListenerAdapter - Downloaded https://repo.maven.apache.org/maven2/org/junit/jupiter/junit-jupiter-api/5.10.0/junit-jupiter-api-5.10.0.jar
2026-02-18 23:17:14,068 [BasicRepositoryConnector-repo.maven.apache.org-0-3] INFO  o.e.m.c.i.e.AbstractTransferListenerAdapter - Downloading https://repo.maven.apache.org/maven2/org/junit/jupiter/junit-jupiter-engine/5.10.0/junit-jupiter-engine-5.10.0.jar
2026-02-18 23:17:14,079 [BasicRepositoryConnector-repo.maven.apache.org-0-1] INFO  o.e.m.c.i.e.AbstractTransferListenerAdapter - Downloading https://repo.maven.apache.org/maven2/org/junit/platform/junit-platform-commons/1.10.0/junit-platform-commons-1.10.0.jar
2026-02-18 23:17:14,122 [BasicRepositoryConnector-repo.maven.apache.org-0-4] INFO  o.e.m.c.i.e.AbstractTransferListenerAdapter - Downloading https://repo.maven.apache.org/maven2/org/junit/platform/junit-platform-engine/1.10.0/junit-platform-engine-1.10.0.jar
2026-02-18 23:17:14,123 [BasicRepositoryConnector-repo.maven.apache.org-0-1] INFO  o.e.m.c.i.e.AbstractTransferListenerAdapter - Downloaded https://repo.maven.apache.org/maven2/org/junit/platform/junit-platform-commons/1.10.0/junit-platform-commons-1.10.0.jar
2026-02-18 23:17:14,208 [BasicRepositoryConnector-repo.maven.apache.org-0-3] INFO  o.e.m.c.i.e.AbstractTransferListenerAdapter - Downloaded https://repo.maven.apache.org/maven2/org/junit/jupiter/junit-jupiter-engine/5.10.0/junit-jupiter-engine-5.10.0.jar
2026-02-18 23:17:14,233 [BasicRepositoryConnector-repo.maven.apache.org-0-4] INFO  o.e.m.c.i.e.AbstractTransferListenerAdapter - Downloaded https://repo.maven.apache.org/maven2/org/junit/platform/junit-platform-engine/1.10.0/junit-platform-engine-1.10.0.jar
2026-02-18 23:17:15,020 [BasicRepositoryConnector-repo.maven.apache.org-0-2] INFO  o.e.m.c.i.e.AbstractTransferListenerAdapter - Downloading https://repo.maven.apache.org/maven2/org/junit/jupiter/junit-jupiter-params/5.10.0/junit-jupiter-params-5.10.0.jar
2026-02-18 23:17:15,263 [BasicRepositoryConnector-repo.maven.apache.org-0-2] INFO  o.e.m.c.i.e.AbstractTransferListenerAdapter - Downloaded https://repo.maven.apache.org/maven2/org/junit/jupiter/junit-jupiter-params/5.10.0/junit-jupiter-params-5.10.0.jar
2026-02-18 23:17:15,587 [Worker-38: Launching QuantityMeasurementApp] INFO  o.e.m.c.i.l.LifecycleMappingFactory - Using org.eclipse.m2e.jdt.JarLifecycleMapping lifecycle mapping for MavenProject: com.quantity:QuantityMeasurementApp:1.0-SNAPSHOT @ /Users/hritikchauhan123/Desktop/FeetMeasurementApp/QuantityMeasurementApp/pom.xml.
2026-02-18 23:17:15,772 [Worker-38: Launching QuantityMeasurementApp] WARN  o.a.m.s.f.DefaultMavenResourcesFiltering - Using platform encoding (UTF-8 actually) to copy filtered resources, i.e. build is platform dependent!
2026-02-18 23:17:15,775 [Worker-38: Launching QuantityMeasurementApp] INFO  o.a.m.s.f.DefaultMavenResourcesFiltering - Copying 0 resource from src/main/resources to target/classes
2026-02-18 23:17:15,780 [Worker-38: Launching QuantityMeasurementApp] WARN  o.a.m.s.f.DefaultMavenResourcesFiltering - Using platform encoding (UTF-8 actually) to copy filtered resources, i.e. build is platform dependent!
2026-02-18 23:17:15,781 [Worker-38: Launching QuantityMeasurementApp] INFO  o.a.m.s.f.DefaultMavenResourcesFiltering - Copying 0 resource from src/test/resources to target/test-classes
2026-02-18 23:17:18,429 [Worker-40: Download sources and javadoc] INFO  o.e.m.c.i.e.AbstractTransferListenerAdapter - Downloading https://repo.maven.apache.org/maven2/org/junit/jupiter/junit-jupiter/5.10.0/junit-jupiter-5.10.0-sources.jar
2026-02-18 23:17:18,514 [Worker-40: Download sources and javadoc] INFO  o.e.m.c.i.e.AbstractTransferListenerAdapter - Downloaded https://repo.maven.apache.org/maven2/org/junit/jupiter/junit-jupiter/5.10.0/junit-jupiter-5.10.0-sources.jar
2026-02-18 23:17:18,626 [Worker-40: Download sources and javadoc] INFO  o.e.m.j.internal.DownloadSourcesJob - Downloaded sources for org.junit.jupiter:junit-jupiter:5.10.0
2026-02-18 23:17:18,669 [Worker-41: Building] WARN  o.a.m.s.f.DefaultMavenResourcesFiltering - Using platform encoding (UTF-8 actually) to copy filtered resources, i.e. build is platform dependent!
2026-02-18 23:17:18,675 [Worker-41: Building] INFO  o.a.m.s.f.DefaultMavenResourcesFiltering - Copying 0 resource from src/main/resources to target/classes
2026-02-18 23:17:18,683 [Worker-41: Building] WARN  o.a.m.s.f.DefaultMavenResourcesFiltering - Using platform encoding (UTF-8 actually) to copy filtered resources, i.e. build is platform dependent!
2026-02-18 23:17:18,684 [Worker-41: Building] INFO  o.a.m.s.f.DefaultMavenResourcesFiltering - Copying 0 resource from src/test/resources to target/test-classes
2026-02-18 23:17:18,868 [Worker-40: Download sources and javadoc] INFO  o.e.m.c.i.e.AbstractTransferListenerAdapter - Downloading https://repo.maven.apache.org/maven2/org/junit/jupiter/junit-jupiter-api/5.10.0/junit-jupiter-api-5.10.0-sources.jar
2026-02-18 23:17:18,982 [Worker-40: Download sources and javadoc] INFO  o.e.m.c.i.e.AbstractTransferListenerAdapter - Downloaded https://repo.maven.apache.org/maven2/org/junit/jupiter/junit-jupiter-api/5.10.0/junit-jupiter-api-5.10.0-sources.jar
2026-02-18 23:17:18,986 [Worker-40: Download sources and javadoc] INFO  o.e.m.j.internal.DownloadSourcesJob - Downloaded sources for org.junit.jupiter:junit-jupiter-api:5.10.0
2026-02-18 23:17:19,180 [Worker-40: Download sources and javadoc] INFO  o.e.m.c.i.e.AbstractTransferListenerAdapter - Downloading https://repo.maven.apache.org/maven2/org/opentest4j/opentest4j/1.3.0/opentest4j-1.3.0-sources.jar
2026-02-18 23:17:19,190 [Worker-40: Download sources and javadoc] INFO  o.e.m.c.i.e.AbstractTransferListenerAdapter - Downloaded https://repo.maven.apache.org/maven2/org/opentest4j/opentest4j/1.3.0/opentest4j-1.3.0-sources.jar
2026-02-18 23:17:19,191 [Worker-40: Download sources and javadoc] INFO  o.e.m.j.internal.DownloadSourcesJob - Downloaded sources for org.opentest4j:opentest4j:1.3.0
2026-02-18 23:17:19,349 [Worker-40: Download sources and javadoc] INFO  o.e.m.c.i.e.AbstractTransferListenerAdapter - Downloading https://repo.maven.apache.org/maven2/org/junit/platform/junit-platform-commons/1.10.0/junit-platform-commons-1.10.0-sources.jar
2026-02-18 23:17:19,370 [Worker-40: Download sources and javadoc] INFO  o.e.m.c.i.e.AbstractTransferListenerAdapter - Downloaded https://repo.maven.apache.org/maven2/org/junit/platform/junit-platform-commons/1.10.0/junit-platform-commons-1.10.0-sources.jar
2026-02-18 23:17:19,372 [Worker-40: Download sources and javadoc] INFO  o.e.m.j.internal.DownloadSourcesJob - Downloaded sources for org.junit.platform:junit-platform-commons:1.10.0
2026-02-18 23:17:20,590 [Worker-40: Download sources and javadoc] INFO  o.e.m.c.i.e.AbstractTransferListenerAdapter - Downloading https://repo.maven.apache.org/maven2/org/apiguardian/apiguardian-api/1.1.2/apiguardian-api-1.1.2-sources.jar
2026-02-18 23:17:20,596 [Worker-40: Download sources and javadoc] INFO  o.e.m.c.i.e.AbstractTransferListenerAdapter - Downloaded https://repo.maven.apache.org/maven2/org/apiguardian/apiguardian-api/1.1.2/apiguardian-api-1.1.2-sources.jar
2026-02-18 23:17:20,599 [Worker-40: Download sources and javadoc] INFO  o.e.m.j.internal.DownloadSourcesJob - Downloaded sources for org.apiguardian:apiguardian-api:1.1.2
2026-02-18 23:17:20,778 [Worker-40: Download sources and javadoc] INFO  o.e.m.c.i.e.AbstractTransferListenerAdapter - Downloading https://repo.maven.apache.org/maven2/org/junit/jupiter/junit-jupiter-params/5.10.0/junit-jupiter-params-5.10.0-sources.jar
2026-02-18 23:17:20,806 [Worker-40: Download sources and javadoc] INFO  o.e.m.c.i.e.AbstractTransferListenerAdapter - Downloaded https://repo.maven.apache.org/maven2/org/junit/jupiter/junit-jupiter-params/5.10.0/junit-jupiter-params-5.10.0-sources.jar
2026-02-18 23:17:20,808 [Worker-40: Download sources and javadoc] INFO  o.e.m.j.internal.DownloadSourcesJob - Downloaded sources for org.junit.jupiter:junit-jupiter-params:5.10.0
2026-02-18 23:17:20,980 [Worker-40: Download sources and javadoc] INFO  o.e.m.c.i.e.AbstractTransferListenerAdapter - Downloading https://repo.maven.apache.org/maven2/org/junit/jupiter/junit-jupiter-engine/5.10.0/junit-jupiter-engine-5.10.0-sources.jar
2026-02-18 23:17:21,041 [Worker-40: Download sources and javadoc] INFO  o.e.m.c.i.e.AbstractTransferListenerAdapter - Downloaded https://repo.maven.apache.org/maven2/org/junit/jupiter/junit-jupiter-engine/5.10.0/junit-jupiter-engine-5.10.0-sources.jar
2026-02-18 23:17:21,045 [Worker-40: Download sources and javadoc] INFO  o.e.m.j.internal.DownloadSourcesJob - Downloaded sources for org.junit.jupiter:junit-jupiter-engine:5.10.0
2026-02-18 23:17:21,228 [Worker-40: Download sources and javadoc] INFO  o.e.m.c.i.e.AbstractTransferListenerAdapter - Downloading https://repo.maven.apache.org/maven2/org/junit/platform/junit-platform-engine/1.10.0/junit-platform-engine-1.10.0-sources.jar
2026-02-18 23:17:21,313 [Worker-40: Download sources and javadoc] INFO  o.e.m.c.i.e.AbstractTransferListenerAdapter - Downloaded https://repo.maven.apache.org/maven2/org/junit/platform/junit-platform-engine/1.10.0/junit-platform-engine-1.10.0-sources.jar
2026-02-18 23:17:21,319 [Worker-40: Download sources and javadoc] INFO  o.e.m.j.internal.DownloadSourcesJob - Downloaded sources for org.junit.platform:junit-platform-engine:1.10.0
